# JRE version: Java(TM) SE Runtime Environment (11.0.2+9) (build 11.0.2+9-LTS)
# Java VM: Java HotSpot(TM) 64-Bit Server VM (11.0.2+9-LTS, mixed mode, tiered, compressed oops, parallel gc, windows-amd64)
Heap:
 PSYoungGen      total 8704K, used 5450K [0x00000000eab00000, 0x00000000eb580000, 0x0000000100000000)
  eden space 6656K, 58% used [0x00000000eab00000,0x00000000eaed2078,0x00000000eb180000)
  from space 2048K, 75% used [0x00000000eb380000,0x00000000eb5009a0,0x00000000eb580000)
  to   space 2048K, 0% used [0x00000000eb180000,0x00000000eb180000,0x00000000eb380000)
 ParOldGen       total 195072K, used 122188K [0x00000000c0000000, 0x00000000cbe80000, 0x00000000eab00000)
  object space 195072K, 62% used [0x00000000c0000000,0x00000000c77530b0,0x00000000cbe80000)
 Metaspace       used 67935K, capacity 71281K, committed 71552K, reserved 1114112K
  class space    used 6466K, capacity 7693K, committed 7808K, reserved 1048576K
GC Heap History (10 events):
Event: 125.755 GC heap before
{Heap before GC invocations=197 (full 6):
 PSYoungGen      total 8192K, used 7800K [0x00000000eab00000, 0x00000000eb700000, 0x0000000100000000)
  eden space 4608K, 100% used [0x00000000eab00000,0x00000000eaf80000,0x00000000eaf80000)
  from space 3584K, 89% used [0x00000000eaf80000,0x00000000eb29e180,0x00000000eb300000)
  to   space 3584K, 0% used [0x00000000eb380000,0x00000000eb380000,0x00000000eb700000)
 ParOldGen       total 195072K, used 120255K [0x00000000c0000000, 0x00000000cbe80000, 0x00000000eab00000)
  object space 195072K, 61% used [0x00000000c0000000,0x00000000c756ffb8,0x00000000cbe80000)
 Metaspace       used 67858K, capacity 71152K, committed 71296K, reserved 1112064K
  class space    used 6466K, capacity 7693K, committed 7808K, reserved 1048576K
}
Event: 125.757 GC heap after
{Heap after GC invocations=197 (full 6):
 PSYoungGen      total 8704K, used 3111K [0x00000000eab00000, 0x00000000eb700000, 0x0000000100000000)
  eden space 5120K, 0% used [0x00000000eab00000,0x00000000eab00000,0x00000000eb000000)
  from space 3584K, 86% used [0x00000000eb380000,0x00000000eb689cd8,0x00000000eb700000)
  to   space 3584K, 0% used [0x00000000eb000000,0x00000000eb000000,0x00000000eb380000)
 ParOldGen       total 195072K, used 120602K [0x00000000c0000000, 0x00000000cbe80000, 0x00000000eab00000)
  object space 195072K, 61% used [0x00000000c0000000,0x00000000c75c6b18,0x00000000cbe80000)
 Metaspace       used 67858K, capacity 71152K, committed 71296K, reserved 1112064K
  class space    used 6466K, capacity 7693K, committed 7808K, reserved 1048576K
}
Event: 125.777 GC heap before
{Heap before GC invocations=198 (full 6):
 PSYoungGen      total 8704K, used 8231K [0x00000000eab00000, 0x00000000eb700000, 0x0000000100000000)
  eden space 5120K, 100% used [0x00000000eab00000,0x00000000eb000000,0x00000000eb000000)
  from space 3584K, 86% used [0x00000000eb380000,0x00000000eb689cd8,0x00000000eb700000)
  to   space 3584K, 0% used [0x00000000eb000000,0x00000000eb000000,0x00000000eb380000)
 ParOldGen       total 195072K, used 120602K [0x00000000c0000000, 0x00000000cbe80000, 0x00000000eab00000)
  object space 195072K, 61% used [0x00000000c0000000,0x00000000c75c6b18,0x00000000cbe80000)
 Metaspace       used 67869K, capacity 71216K, committed 71552K, reserved 1114112K
  class space    used 6466K, capacity 7693K, committed 7808K, reserved 1048576K
}
Event: 125.780 GC heap after
{Heap after GC invocations=198 (full 6):
 PSYoungGen      total 8704K, used 2484K [0x00000000eab00000, 0x00000000eb680000, 0x0000000100000000)
  eden space 5120K, 0% used [0x00000000eab00000,0x00000000eab00000,0x00000000eb000000)
  from space 3584K, 69% used [0x00000000eb000000,0x00000000eb26d130,0x00000000eb380000)
  to   space 3072K, 0% used [0x00000000eb380000,0x00000000eb380000,0x00000000eb680000)
 ParOldGen       total 195072K, used 121094K [0x00000000c0000000, 0x00000000cbe80000, 0x00000000eab00000)
  object space 195072K, 62% used [0x00000000c0000000,0x00000000c7641880,0x00000000cbe80000)
 Metaspace       used 67869K, capacity 71216K, committed 71552K, reserved 1114112K
  class space    used 6466K, capacity 7693K, committed 7808K, reserved 1048576K
}
Event: 125.804 GC heap before
{Heap before GC invocations=199 (full 6):
 PSYoungGen      total 8704K, used 7604K [0x00000000eab00000, 0x00000000eb680000, 0x0000000100000000)
  eden space 5120K, 100% used [0x00000000eab00000,0x00000000eb000000,0x00000000eb000000)
  from space 3584K, 69% used [0x00000000eb000000,0x00000000eb26d130,0x00000000eb380000)
  to   space 3072K, 0% used [0x00000000eb380000,0x00000000eb380000,0x00000000eb680000)
 ParOldGen       total 195072K, used 121094K [0x00000000c0000000, 0x00000000cbe80000, 0x00000000eab00000)
  object space 195072K, 62% used [0x00000000c0000000,0x00000000c7641880,0x00000000cbe80000)
 Metaspace       used 67888K, capacity 71280K, committed 71552K, reserved 1114112K
  class space    used 6466K, capacity 7693K, committed 7808K, reserved 1048576K
}
Event: 125.806 GC heap after
{Heap after GC invocations=199 (full 6):
 PSYoungGen      total 7680K, used 1922K [0x00000000eab00000, 0x00000000eb580000, 0x0000000100000000)
  eden space 5632K, 0% used [0x00000000eab00000,0x00000000eab00000,0x00000000eb080000)
  from space 2048K, 93% used [0x00000000eb380000,0x00000000eb5609a0,0x00000000eb580000)
  to   space 2560K, 0% used [0x00000000eb080000,0x00000000eb080000,0x00000000eb300000)
 ParOldGen       total 195072K, used 121656K [0x00000000c0000000, 0x00000000cbe80000, 0x00000000eab00000)
  object space 195072K, 62% used [0x00000000c0000000,0x00000000c76ce258,0x00000000cbe80000)
 Metaspace       used 67888K, capacity 71280K, committed 71552K, reserved 1114112K
  class space    used 6466K, capacity 7693K, committed 7808K, reserved 1048576K
}
Event: 125.834 GC heap before
{Heap before GC invocations=200 (full 6):
 PSYoungGen      total 7680K, used 7554K [0x00000000eab00000, 0x00000000eb580000, 0x0000000100000000)
  eden space 5632K, 100% used [0x00000000eab00000,0x00000000eb080000,0x00000000eb080000)
  from space 2048K, 93% used [0x00000000eb380000,0x00000000eb5609a0,0x00000000eb580000)
  to   space 2560K, 0% used [0x00000000eb080000,0x00000000eb080000,0x00000000eb300000)
 ParOldGen       total 195072K, used 121656K [0x00000000c0000000, 0x00000000cbe80000, 0x00000000eab00000)
  object space 195072K, 62% used [0x00000000c0000000,0x00000000c76ce258,0x00000000cbe80000)
 Metaspace       used 67896K, capacity 71280K, committed 71552K, reserved 1114112K
  class space    used 6466K, capacity 7693K, committed 7808K, reserved 1048576K
}
Event: 125.837 GC heap after
{Heap after GC invocations=200 (full 6):
 PSYoungGen      total 8192K, used 1474K [0x00000000eab00000, 0x00000000eb580000, 0x0000000100000000)
  eden space 5632K, 0% used [0x00000000eab00000,0x00000000eab00000,0x00000000eb080000)
  from space 2560K, 57% used [0x00000000eb080000,0x00000000eb1f09a0,0x00000000eb300000)
  to   space 2048K, 0% used [0x00000000eb380000,0x00000000eb380000,0x00000000eb580000)
 ParOldGen       total 195072K, used 122109K [0x00000000c0000000, 0x00000000cbe80000, 0x00000000eab00000)
  object space 195072K, 62% used [0x00000000c0000000,0x00000000c773f798,0x00000000cbe80000)
 Metaspace       used 67896K, capacity 71280K, committed 71552K, reserved 1114112K
  class space    used 6466K, capacity 7693K, committed 7808K, reserved 1048576K
}
Event: 125.862 GC heap before
{Heap before GC invocations=201 (full 6):
 PSYoungGen      total 8192K, used 7106K [0x00000000eab00000, 0x00000000eb580000, 0x0000000100000000)
  eden space 5632K, 100% used [0x00000000eab00000,0x00000000eb080000,0x00000000eb080000)
  from space 2560K, 57% used [0x00000000eb080000,0x00000000eb1f09a0,0x00000000eb300000)
  to   space 2048K, 0% used [0x00000000eb380000,0x00000000eb380000,0x00000000eb580000)
 ParOldGen       total 195072K, used 122109K [0x00000000c0000000, 0x00000000cbe80000, 0x00000000eab00000)
  object space 195072K, 62% used [0x00000000c0000000,0x00000000c773f798,0x00000000cbe80000)
 Metaspace       used 67905K, capacity 71281K, committed 71552K, reserved 1114112K
  class space    used 6466K, capacity 7693K, committed 7808K, reserved 1048576K
}
Event: 125.864 GC heap after
{Heap after GC invocations=201 (full 6):
 PSYoungGen      total 8704K, used 1538K [0x00000000eab00000, 0x00000000eb580000, 0x0000000100000000)
  eden space 6656K, 0% used [0x00000000eab00000,0x00000000eab00000,0x00000000eb180000)
  from space 2048K, 75% used [0x00000000eb380000,0x00000000eb5009a0,0x00000000eb580000)
  to   space 2048K, 0% used [0x00000000eb180000,0x00000000eb180000,0x00000000eb380000)
 ParOldGen       total 195072K, used 122188K [0x00000000c0000000, 0x00000000cbe80000, 0x00000000eab00000)
  object space 195072K, 62% used [0x00000000c0000000,0x00000000c77530b0,0x00000000cbe80000)
 Metaspace       used 67905K, capacity 71281K, committed 71552K, reserved 1114112K
  class space    used 6466K, capacity 7693K, committed 7808K, reserved 1048576K
}

